[2022-05-18 22:03:01,828] {processor.py:163} INFO - Started process (PID=54) to work on /opt/airflow/dags/ETL.py
[2022-05-18 22:03:01,839] {processor.py:642} INFO - Processing file /opt/airflow/dags/ETL.py for tasks to queue
[2022-05-18 22:03:01,891] {logging_mixin.py:109} INFO - [2022-05-18 22:03:01,891] {dagbag.py:500} INFO - Filling up the DagBag from /opt/airflow/dags/ETL.py
[2022-05-18 22:03:06,330] {processor.py:652} INFO - DAG(s) dict_keys(['ETL']) retrieved from /opt/airflow/dags/ETL.py
[2022-05-18 22:03:06,650] {logging_mixin.py:109} INFO - [2022-05-18 22:03:06,650] {dag.py:2398} INFO - Sync 1 DAGs
[2022-05-18 22:03:06,676] {logging_mixin.py:109} INFO - [2022-05-18 22:03:06,676] {dag.py:2937} INFO - Setting next_dagrun for ETL to 2022-05-18T00:00:00+00:00
[2022-05-18 22:03:06,723] {processor.py:171} INFO - Processing /opt/airflow/dags/ETL.py took 4.916 seconds
[2022-05-18 22:03:40,706] {processor.py:163} INFO - Started process (PID=86) to work on /opt/airflow/dags/ETL.py
[2022-05-18 22:03:40,736] {processor.py:642} INFO - Processing file /opt/airflow/dags/ETL.py for tasks to queue
[2022-05-18 22:03:40,767] {logging_mixin.py:109} INFO - [2022-05-18 22:03:40,767] {dagbag.py:500} INFO - Filling up the DagBag from /opt/airflow/dags/ETL.py
[2022-05-18 22:03:55,791] {processor.py:652} INFO - DAG(s) dict_keys(['ETL']) retrieved from /opt/airflow/dags/ETL.py
[2022-05-18 22:03:55,831] {logging_mixin.py:109} INFO - [2022-05-18 22:03:55,830] {dag.py:2398} INFO - Sync 1 DAGs
[2022-05-18 22:03:55,855] {logging_mixin.py:109} INFO - [2022-05-18 22:03:55,855] {dag.py:2937} INFO - Setting next_dagrun for ETL to 2022-05-18T00:00:00+00:00
[2022-05-18 22:03:55,884] {processor.py:171} INFO - Processing /opt/airflow/dags/ETL.py took 15.210 seconds
[2022-05-18 22:04:26,188] {processor.py:163} INFO - Started process (PID=122) to work on /opt/airflow/dags/ETL.py
[2022-05-18 22:04:26,190] {processor.py:642} INFO - Processing file /opt/airflow/dags/ETL.py for tasks to queue
[2022-05-18 22:04:26,192] {logging_mixin.py:109} INFO - [2022-05-18 22:04:26,192] {dagbag.py:500} INFO - Filling up the DagBag from /opt/airflow/dags/ETL.py
[2022-05-18 22:04:28,198] {processor.py:652} INFO - DAG(s) dict_keys(['ETL']) retrieved from /opt/airflow/dags/ETL.py
[2022-05-18 22:04:28,233] {logging_mixin.py:109} INFO - [2022-05-18 22:04:28,232] {dag.py:2398} INFO - Sync 1 DAGs
[2022-05-18 22:04:28,250] {logging_mixin.py:109} INFO - [2022-05-18 22:04:28,250] {dag.py:2937} INFO - Setting next_dagrun for ETL to 2022-05-18T00:00:00+00:00
[2022-05-18 22:04:28,263] {processor.py:171} INFO - Processing /opt/airflow/dags/ETL.py took 2.079 seconds
[2022-05-18 22:04:58,871] {processor.py:163} INFO - Started process (PID=159) to work on /opt/airflow/dags/ETL.py
[2022-05-18 22:04:58,872] {processor.py:642} INFO - Processing file /opt/airflow/dags/ETL.py for tasks to queue
[2022-05-18 22:04:58,873] {logging_mixin.py:109} INFO - [2022-05-18 22:04:58,873] {dagbag.py:500} INFO - Filling up the DagBag from /opt/airflow/dags/ETL.py
[2022-05-18 22:05:00,727] {processor.py:652} INFO - DAG(s) dict_keys(['ETL']) retrieved from /opt/airflow/dags/ETL.py
[2022-05-18 22:05:00,790] {logging_mixin.py:109} INFO - [2022-05-18 22:05:00,788] {dag.py:2398} INFO - Sync 1 DAGs
[2022-05-18 22:05:00,853] {logging_mixin.py:109} INFO - [2022-05-18 22:05:00,853] {dag.py:2937} INFO - Setting next_dagrun for ETL to 2022-05-18T00:00:00+00:00
[2022-05-18 22:05:00,870] {processor.py:171} INFO - Processing /opt/airflow/dags/ETL.py took 2.003 seconds
[2022-05-18 22:05:31,243] {processor.py:163} INFO - Started process (PID=187) to work on /opt/airflow/dags/ETL.py
[2022-05-18 22:05:31,244] {processor.py:642} INFO - Processing file /opt/airflow/dags/ETL.py for tasks to queue
[2022-05-18 22:05:31,246] {logging_mixin.py:109} INFO - [2022-05-18 22:05:31,246] {dagbag.py:500} INFO - Filling up the DagBag from /opt/airflow/dags/ETL.py
[2022-05-18 22:05:33,355] {processor.py:652} INFO - DAG(s) dict_keys(['ETL']) retrieved from /opt/airflow/dags/ETL.py
[2022-05-18 22:05:33,386] {logging_mixin.py:109} INFO - [2022-05-18 22:05:33,386] {dag.py:2398} INFO - Sync 1 DAGs
[2022-05-18 22:05:33,402] {logging_mixin.py:109} INFO - [2022-05-18 22:05:33,402] {dag.py:2937} INFO - Setting next_dagrun for ETL to 2022-05-18T00:00:00+00:00
[2022-05-18 22:05:33,413] {processor.py:171} INFO - Processing /opt/airflow/dags/ETL.py took 2.174 seconds
[2022-05-18 22:06:03,488] {processor.py:163} INFO - Started process (PID=212) to work on /opt/airflow/dags/ETL.py
[2022-05-18 22:06:03,490] {processor.py:642} INFO - Processing file /opt/airflow/dags/ETL.py for tasks to queue
[2022-05-18 22:06:03,491] {logging_mixin.py:109} INFO - [2022-05-18 22:06:03,491] {dagbag.py:500} INFO - Filling up the DagBag from /opt/airflow/dags/ETL.py
[2022-05-18 22:06:05,468] {processor.py:652} INFO - DAG(s) dict_keys(['ETL']) retrieved from /opt/airflow/dags/ETL.py
[2022-05-18 22:06:05,520] {logging_mixin.py:109} INFO - [2022-05-18 22:06:05,519] {dag.py:2398} INFO - Sync 1 DAGs
[2022-05-18 22:06:05,547] {logging_mixin.py:109} INFO - [2022-05-18 22:06:05,547] {dag.py:2937} INFO - Setting next_dagrun for ETL to 2022-05-18T00:00:00+00:00
[2022-05-18 22:06:05,559] {processor.py:171} INFO - Processing /opt/airflow/dags/ETL.py took 2.075 seconds
[2022-05-18 22:06:36,472] {processor.py:163} INFO - Started process (PID=248) to work on /opt/airflow/dags/ETL.py
[2022-05-18 22:06:36,478] {processor.py:642} INFO - Processing file /opt/airflow/dags/ETL.py for tasks to queue
[2022-05-18 22:06:36,485] {logging_mixin.py:109} INFO - [2022-05-18 22:06:36,484] {dagbag.py:500} INFO - Filling up the DagBag from /opt/airflow/dags/ETL.py
[2022-05-18 22:06:44,174] {processor.py:652} INFO - DAG(s) dict_keys(['ETL']) retrieved from /opt/airflow/dags/ETL.py
[2022-05-18 22:06:44,323] {logging_mixin.py:109} INFO - [2022-05-18 22:06:44,322] {dag.py:2398} INFO - Sync 1 DAGs
[2022-05-18 22:06:44,408] {logging_mixin.py:109} INFO - [2022-05-18 22:06:44,408] {dag.py:2937} INFO - Setting next_dagrun for ETL to 2022-05-18T00:00:00+00:00
[2022-05-18 22:06:44,516] {processor.py:171} INFO - Processing /opt/airflow/dags/ETL.py took 8.068 seconds
[2022-05-18 22:07:14,763] {processor.py:163} INFO - Started process (PID=274) to work on /opt/airflow/dags/ETL.py
[2022-05-18 22:07:14,765] {processor.py:642} INFO - Processing file /opt/airflow/dags/ETL.py for tasks to queue
[2022-05-18 22:07:14,767] {logging_mixin.py:109} INFO - [2022-05-18 22:07:14,767] {dagbag.py:500} INFO - Filling up the DagBag from /opt/airflow/dags/ETL.py
[2022-05-18 22:07:16,584] {processor.py:652} INFO - DAG(s) dict_keys(['ETL']) retrieved from /opt/airflow/dags/ETL.py
[2022-05-18 22:07:16,673] {logging_mixin.py:109} INFO - [2022-05-18 22:07:16,673] {dag.py:2398} INFO - Sync 1 DAGs
[2022-05-18 22:07:16,703] {logging_mixin.py:109} INFO - [2022-05-18 22:07:16,703] {dag.py:2937} INFO - Setting next_dagrun for ETL to 2022-05-18T00:00:00+00:00
[2022-05-18 22:07:16,726] {processor.py:171} INFO - Processing /opt/airflow/dags/ETL.py took 1.967 seconds
[2022-05-18 22:07:47,142] {processor.py:163} INFO - Started process (PID=309) to work on /opt/airflow/dags/ETL.py
[2022-05-18 22:07:47,145] {processor.py:642} INFO - Processing file /opt/airflow/dags/ETL.py for tasks to queue
[2022-05-18 22:07:47,146] {logging_mixin.py:109} INFO - [2022-05-18 22:07:47,146] {dagbag.py:500} INFO - Filling up the DagBag from /opt/airflow/dags/ETL.py
[2022-05-18 22:07:49,410] {processor.py:652} INFO - DAG(s) dict_keys(['ETL']) retrieved from /opt/airflow/dags/ETL.py
[2022-05-18 22:07:49,444] {logging_mixin.py:109} INFO - [2022-05-18 22:07:49,443] {dag.py:2398} INFO - Sync 1 DAGs
[2022-05-18 22:07:49,461] {logging_mixin.py:109} INFO - [2022-05-18 22:07:49,461] {dag.py:2937} INFO - Setting next_dagrun for ETL to 2022-05-18T00:00:00+00:00
[2022-05-18 22:07:49,473] {processor.py:171} INFO - Processing /opt/airflow/dags/ETL.py took 2.335 seconds
[2022-05-18 22:08:19,918] {processor.py:163} INFO - Started process (PID=337) to work on /opt/airflow/dags/ETL.py
[2022-05-18 22:08:19,921] {processor.py:642} INFO - Processing file /opt/airflow/dags/ETL.py for tasks to queue
[2022-05-18 22:08:19,922] {logging_mixin.py:109} INFO - [2022-05-18 22:08:19,922] {dagbag.py:500} INFO - Filling up the DagBag from /opt/airflow/dags/ETL.py
[2022-05-18 22:08:22,649] {processor.py:652} INFO - DAG(s) dict_keys(['ETL']) retrieved from /opt/airflow/dags/ETL.py
[2022-05-18 22:08:22,705] {logging_mixin.py:109} INFO - [2022-05-18 22:08:22,705] {dag.py:2398} INFO - Sync 1 DAGs
[2022-05-18 22:08:22,724] {logging_mixin.py:109} INFO - [2022-05-18 22:08:22,724] {dag.py:2937} INFO - Setting next_dagrun for ETL to 2022-05-18T00:00:00+00:00
[2022-05-18 22:08:22,739] {processor.py:171} INFO - Processing /opt/airflow/dags/ETL.py took 2.826 seconds
[2022-05-18 22:08:53,024] {processor.py:163} INFO - Started process (PID=373) to work on /opt/airflow/dags/ETL.py
[2022-05-18 22:08:53,025] {processor.py:642} INFO - Processing file /opt/airflow/dags/ETL.py for tasks to queue
[2022-05-18 22:08:53,026] {logging_mixin.py:109} INFO - [2022-05-18 22:08:53,026] {dagbag.py:500} INFO - Filling up the DagBag from /opt/airflow/dags/ETL.py
[2022-05-18 22:08:54,647] {processor.py:652} INFO - DAG(s) dict_keys(['ETL']) retrieved from /opt/airflow/dags/ETL.py
[2022-05-18 22:08:54,677] {logging_mixin.py:109} INFO - [2022-05-18 22:08:54,677] {dag.py:2398} INFO - Sync 1 DAGs
[2022-05-18 22:08:54,693] {logging_mixin.py:109} INFO - [2022-05-18 22:08:54,693] {dag.py:2937} INFO - Setting next_dagrun for ETL to 2022-05-18T00:00:00+00:00
[2022-05-18 22:08:54,705] {processor.py:171} INFO - Processing /opt/airflow/dags/ETL.py took 1.684 seconds
[2022-05-18 22:09:25,211] {processor.py:163} INFO - Started process (PID=399) to work on /opt/airflow/dags/ETL.py
[2022-05-18 22:09:25,213] {processor.py:642} INFO - Processing file /opt/airflow/dags/ETL.py for tasks to queue
[2022-05-18 22:09:25,215] {logging_mixin.py:109} INFO - [2022-05-18 22:09:25,215] {dagbag.py:500} INFO - Filling up the DagBag from /opt/airflow/dags/ETL.py
[2022-05-18 22:09:27,144] {processor.py:652} INFO - DAG(s) dict_keys(['ETL']) retrieved from /opt/airflow/dags/ETL.py
[2022-05-18 22:09:27,184] {logging_mixin.py:109} INFO - [2022-05-18 22:09:27,184] {dag.py:2398} INFO - Sync 1 DAGs
[2022-05-18 22:09:27,204] {logging_mixin.py:109} INFO - [2022-05-18 22:09:27,204] {dag.py:2937} INFO - Setting next_dagrun for ETL to 2022-05-18T00:00:00+00:00
[2022-05-18 22:09:27,217] {processor.py:171} INFO - Processing /opt/airflow/dags/ETL.py took 2.011 seconds
[2022-05-18 22:09:57,373] {processor.py:163} INFO - Started process (PID=432) to work on /opt/airflow/dags/ETL.py
[2022-05-18 22:09:57,375] {processor.py:642} INFO - Processing file /opt/airflow/dags/ETL.py for tasks to queue
[2022-05-18 22:09:57,376] {logging_mixin.py:109} INFO - [2022-05-18 22:09:57,376] {dagbag.py:500} INFO - Filling up the DagBag from /opt/airflow/dags/ETL.py
[2022-05-18 22:09:59,114] {processor.py:652} INFO - DAG(s) dict_keys(['ETL']) retrieved from /opt/airflow/dags/ETL.py
[2022-05-18 22:09:59,147] {logging_mixin.py:109} INFO - [2022-05-18 22:09:59,147] {dag.py:2398} INFO - Sync 1 DAGs
[2022-05-18 22:09:59,167] {logging_mixin.py:109} INFO - [2022-05-18 22:09:59,167] {dag.py:2937} INFO - Setting next_dagrun for ETL to 2022-05-18T00:00:00+00:00
[2022-05-18 22:09:59,179] {processor.py:171} INFO - Processing /opt/airflow/dags/ETL.py took 1.809 seconds
[2022-05-18 22:10:29,359] {processor.py:163} INFO - Started process (PID=468) to work on /opt/airflow/dags/ETL.py
[2022-05-18 22:10:29,361] {processor.py:642} INFO - Processing file /opt/airflow/dags/ETL.py for tasks to queue
[2022-05-18 22:10:29,362] {logging_mixin.py:109} INFO - [2022-05-18 22:10:29,362] {dagbag.py:500} INFO - Filling up the DagBag from /opt/airflow/dags/ETL.py
[2022-05-18 22:10:31,059] {processor.py:652} INFO - DAG(s) dict_keys(['ETL']) retrieved from /opt/airflow/dags/ETL.py
[2022-05-18 22:10:31,101] {logging_mixin.py:109} INFO - [2022-05-18 22:10:31,100] {dag.py:2398} INFO - Sync 1 DAGs
[2022-05-18 22:10:31,119] {logging_mixin.py:109} INFO - [2022-05-18 22:10:31,119] {dag.py:2937} INFO - Setting next_dagrun for ETL to 2022-05-18T00:00:00+00:00
[2022-05-18 22:10:31,135] {processor.py:171} INFO - Processing /opt/airflow/dags/ETL.py took 1.779 seconds
[2022-05-18 22:11:01,412] {processor.py:163} INFO - Started process (PID=494) to work on /opt/airflow/dags/ETL.py
[2022-05-18 22:11:01,413] {processor.py:642} INFO - Processing file /opt/airflow/dags/ETL.py for tasks to queue
[2022-05-18 22:11:01,415] {logging_mixin.py:109} INFO - [2022-05-18 22:11:01,414] {dagbag.py:500} INFO - Filling up the DagBag from /opt/airflow/dags/ETL.py
[2022-05-18 22:11:03,053] {processor.py:652} INFO - DAG(s) dict_keys(['ETL']) retrieved from /opt/airflow/dags/ETL.py
[2022-05-18 22:11:03,112] {logging_mixin.py:109} INFO - [2022-05-18 22:11:03,111] {dag.py:2398} INFO - Sync 1 DAGs
[2022-05-18 22:11:03,138] {logging_mixin.py:109} INFO - [2022-05-18 22:11:03,138] {dag.py:2937} INFO - Setting next_dagrun for ETL to 2022-05-18T00:00:00+00:00
[2022-05-18 22:11:03,149] {processor.py:171} INFO - Processing /opt/airflow/dags/ETL.py took 1.741 seconds
[2022-05-18 22:11:33,391] {processor.py:163} INFO - Started process (PID=526) to work on /opt/airflow/dags/ETL.py
[2022-05-18 22:11:33,394] {processor.py:642} INFO - Processing file /opt/airflow/dags/ETL.py for tasks to queue
[2022-05-18 22:11:33,395] {logging_mixin.py:109} INFO - [2022-05-18 22:11:33,395] {dagbag.py:500} INFO - Filling up the DagBag from /opt/airflow/dags/ETL.py
[2022-05-18 22:11:35,387] {processor.py:652} INFO - DAG(s) dict_keys(['ETL']) retrieved from /opt/airflow/dags/ETL.py
[2022-05-18 22:11:35,429] {logging_mixin.py:109} INFO - [2022-05-18 22:11:35,428] {dag.py:2398} INFO - Sync 1 DAGs
[2022-05-18 22:11:35,448] {logging_mixin.py:109} INFO - [2022-05-18 22:11:35,448] {dag.py:2937} INFO - Setting next_dagrun for ETL to 2022-05-18T00:00:00+00:00
[2022-05-18 22:11:35,471] {processor.py:171} INFO - Processing /opt/airflow/dags/ETL.py took 2.085 seconds
[2022-05-18 22:12:05,553] {processor.py:163} INFO - Started process (PID=553) to work on /opt/airflow/dags/ETL.py
[2022-05-18 22:12:05,555] {processor.py:642} INFO - Processing file /opt/airflow/dags/ETL.py for tasks to queue
[2022-05-18 22:12:05,556] {logging_mixin.py:109} INFO - [2022-05-18 22:12:05,556] {dagbag.py:500} INFO - Filling up the DagBag from /opt/airflow/dags/ETL.py
[2022-05-18 22:12:07,289] {processor.py:652} INFO - DAG(s) dict_keys(['ETL']) retrieved from /opt/airflow/dags/ETL.py
[2022-05-18 22:12:07,320] {logging_mixin.py:109} INFO - [2022-05-18 22:12:07,319] {dag.py:2398} INFO - Sync 1 DAGs
[2022-05-18 22:12:07,336] {logging_mixin.py:109} INFO - [2022-05-18 22:12:07,336] {dag.py:2937} INFO - Setting next_dagrun for ETL to 2022-05-18T00:00:00+00:00
[2022-05-18 22:12:07,348] {processor.py:171} INFO - Processing /opt/airflow/dags/ETL.py took 1.798 seconds
[2022-05-18 22:12:37,539] {processor.py:163} INFO - Started process (PID=587) to work on /opt/airflow/dags/ETL.py
[2022-05-18 22:12:37,544] {processor.py:642} INFO - Processing file /opt/airflow/dags/ETL.py for tasks to queue
[2022-05-18 22:12:37,547] {logging_mixin.py:109} INFO - [2022-05-18 22:12:37,547] {dagbag.py:500} INFO - Filling up the DagBag from /opt/airflow/dags/ETL.py
[2022-05-18 22:12:39,756] {processor.py:652} INFO - DAG(s) dict_keys(['ETL']) retrieved from /opt/airflow/dags/ETL.py
[2022-05-18 22:12:39,790] {logging_mixin.py:109} INFO - [2022-05-18 22:12:39,789] {dag.py:2398} INFO - Sync 1 DAGs
[2022-05-18 22:12:39,807] {logging_mixin.py:109} INFO - [2022-05-18 22:12:39,807] {dag.py:2937} INFO - Setting next_dagrun for ETL to 2022-05-18T00:00:00+00:00
[2022-05-18 22:12:39,820] {processor.py:171} INFO - Processing /opt/airflow/dags/ETL.py took 2.288 seconds
[2022-05-18 22:13:10,068] {processor.py:163} INFO - Started process (PID=615) to work on /opt/airflow/dags/ETL.py
[2022-05-18 22:13:10,069] {processor.py:642} INFO - Processing file /opt/airflow/dags/ETL.py for tasks to queue
[2022-05-18 22:13:10,070] {logging_mixin.py:109} INFO - [2022-05-18 22:13:10,070] {dagbag.py:500} INFO - Filling up the DagBag from /opt/airflow/dags/ETL.py
[2022-05-18 22:13:11,665] {processor.py:652} INFO - DAG(s) dict_keys(['ETL']) retrieved from /opt/airflow/dags/ETL.py
[2022-05-18 22:13:11,701] {logging_mixin.py:109} INFO - [2022-05-18 22:13:11,701] {dag.py:2398} INFO - Sync 1 DAGs
[2022-05-18 22:13:11,718] {logging_mixin.py:109} INFO - [2022-05-18 22:13:11,718] {dag.py:2937} INFO - Setting next_dagrun for ETL to 2022-05-18T00:00:00+00:00
[2022-05-18 22:13:11,730] {processor.py:171} INFO - Processing /opt/airflow/dags/ETL.py took 1.665 seconds
[2022-05-18 22:19:29,864] {processor.py:163} INFO - Started process (PID=53) to work on /opt/airflow/dags/ETL.py
[2022-05-18 22:19:29,865] {processor.py:642} INFO - Processing file /opt/airflow/dags/ETL.py for tasks to queue
[2022-05-18 22:19:29,867] {logging_mixin.py:109} INFO - [2022-05-18 22:19:29,867] {dagbag.py:500} INFO - Filling up the DagBag from /opt/airflow/dags/ETL.py
[2022-05-18 22:19:33,476] {processor.py:652} INFO - DAG(s) dict_keys(['ETL']) retrieved from /opt/airflow/dags/ETL.py
[2022-05-18 22:19:33,807] {logging_mixin.py:109} INFO - [2022-05-18 22:19:33,795] {dag.py:2398} INFO - Sync 1 DAGs
[2022-05-18 22:19:33,867] {logging_mixin.py:109} INFO - [2022-05-18 22:19:33,867] {dag.py:2937} INFO - Setting next_dagrun for ETL to 2022-05-18T00:00:00+00:00
[2022-05-18 22:19:33,929] {processor.py:171} INFO - Processing /opt/airflow/dags/ETL.py took 4.069 seconds
[2022-05-18 22:20:04,287] {processor.py:163} INFO - Started process (PID=78) to work on /opt/airflow/dags/ETL.py
[2022-05-18 22:20:04,289] {processor.py:642} INFO - Processing file /opt/airflow/dags/ETL.py for tasks to queue
[2022-05-18 22:20:04,291] {logging_mixin.py:109} INFO - [2022-05-18 22:20:04,290] {dagbag.py:500} INFO - Filling up the DagBag from /opt/airflow/dags/ETL.py
[2022-05-18 22:20:06,104] {processor.py:652} INFO - DAG(s) dict_keys(['ETL']) retrieved from /opt/airflow/dags/ETL.py
[2022-05-18 22:20:06,135] {logging_mixin.py:109} INFO - [2022-05-18 22:20:06,135] {dag.py:2398} INFO - Sync 1 DAGs
[2022-05-18 22:20:06,151] {logging_mixin.py:109} INFO - [2022-05-18 22:20:06,151] {dag.py:2937} INFO - Setting next_dagrun for ETL to 2022-05-18T00:00:00+00:00
[2022-05-18 22:20:06,163] {processor.py:171} INFO - Processing /opt/airflow/dags/ETL.py took 1.879 seconds
[2022-05-18 22:20:36,396] {processor.py:163} INFO - Started process (PID=112) to work on /opt/airflow/dags/ETL.py
[2022-05-18 22:20:36,398] {processor.py:642} INFO - Processing file /opt/airflow/dags/ETL.py for tasks to queue
[2022-05-18 22:20:36,399] {logging_mixin.py:109} INFO - [2022-05-18 22:20:36,399] {dagbag.py:500} INFO - Filling up the DagBag from /opt/airflow/dags/ETL.py
[2022-05-18 22:20:37,933] {processor.py:652} INFO - DAG(s) dict_keys(['ETL']) retrieved from /opt/airflow/dags/ETL.py
[2022-05-18 22:20:37,964] {logging_mixin.py:109} INFO - [2022-05-18 22:20:37,963] {dag.py:2398} INFO - Sync 1 DAGs
[2022-05-18 22:20:37,979] {logging_mixin.py:109} INFO - [2022-05-18 22:20:37,979] {dag.py:2937} INFO - Setting next_dagrun for ETL to 2022-05-18T00:00:00+00:00
[2022-05-18 22:20:37,990] {processor.py:171} INFO - Processing /opt/airflow/dags/ETL.py took 1.598 seconds
[2022-05-18 22:21:08,163] {processor.py:163} INFO - Started process (PID=139) to work on /opt/airflow/dags/ETL.py
[2022-05-18 22:21:08,166] {processor.py:642} INFO - Processing file /opt/airflow/dags/ETL.py for tasks to queue
[2022-05-18 22:21:08,167] {logging_mixin.py:109} INFO - [2022-05-18 22:21:08,167] {dagbag.py:500} INFO - Filling up the DagBag from /opt/airflow/dags/ETL.py
[2022-05-18 22:21:09,892] {processor.py:652} INFO - DAG(s) dict_keys(['ETL']) retrieved from /opt/airflow/dags/ETL.py
[2022-05-18 22:21:09,923] {logging_mixin.py:109} INFO - [2022-05-18 22:21:09,923] {dag.py:2398} INFO - Sync 1 DAGs
[2022-05-18 22:21:09,940] {logging_mixin.py:109} INFO - [2022-05-18 22:21:09,940] {dag.py:2937} INFO - Setting next_dagrun for ETL to 2022-05-18T00:00:00+00:00
[2022-05-18 22:21:09,952] {processor.py:171} INFO - Processing /opt/airflow/dags/ETL.py took 1.793 seconds
[2022-05-18 22:21:40,126] {processor.py:163} INFO - Started process (PID=177) to work on /opt/airflow/dags/ETL.py
[2022-05-18 22:21:40,128] {processor.py:642} INFO - Processing file /opt/airflow/dags/ETL.py for tasks to queue
[2022-05-18 22:21:40,129] {logging_mixin.py:109} INFO - [2022-05-18 22:21:40,129] {dagbag.py:500} INFO - Filling up the DagBag from /opt/airflow/dags/ETL.py
[2022-05-18 22:21:41,691] {processor.py:652} INFO - DAG(s) dict_keys(['ETL']) retrieved from /opt/airflow/dags/ETL.py
[2022-05-18 22:21:41,723] {logging_mixin.py:109} INFO - [2022-05-18 22:21:41,722] {dag.py:2398} INFO - Sync 1 DAGs
[2022-05-18 22:21:41,738] {logging_mixin.py:109} INFO - [2022-05-18 22:21:41,738] {dag.py:2937} INFO - Setting next_dagrun for ETL to 2022-05-18T00:00:00+00:00
[2022-05-18 22:21:41,750] {processor.py:171} INFO - Processing /opt/airflow/dags/ETL.py took 1.627 seconds
[2022-05-18 22:22:11,977] {processor.py:163} INFO - Started process (PID=202) to work on /opt/airflow/dags/ETL.py
[2022-05-18 22:22:11,979] {processor.py:642} INFO - Processing file /opt/airflow/dags/ETL.py for tasks to queue
[2022-05-18 22:22:11,980] {logging_mixin.py:109} INFO - [2022-05-18 22:22:11,980] {dagbag.py:500} INFO - Filling up the DagBag from /opt/airflow/dags/ETL.py
[2022-05-18 22:22:13,649] {processor.py:652} INFO - DAG(s) dict_keys(['ETL']) retrieved from /opt/airflow/dags/ETL.py
[2022-05-18 22:22:13,680] {logging_mixin.py:109} INFO - [2022-05-18 22:22:13,679] {dag.py:2398} INFO - Sync 1 DAGs
[2022-05-18 22:22:13,696] {logging_mixin.py:109} INFO - [2022-05-18 22:22:13,696] {dag.py:2937} INFO - Setting next_dagrun for ETL to 2022-05-18T00:00:00+00:00
[2022-05-18 22:22:13,707] {processor.py:171} INFO - Processing /opt/airflow/dags/ETL.py took 1.734 seconds
[2022-05-18 22:22:43,939] {processor.py:163} INFO - Started process (PID=241) to work on /opt/airflow/dags/ETL.py
[2022-05-18 22:22:43,942] {processor.py:642} INFO - Processing file /opt/airflow/dags/ETL.py for tasks to queue
[2022-05-18 22:22:43,945] {logging_mixin.py:109} INFO - [2022-05-18 22:22:43,945] {dagbag.py:500} INFO - Filling up the DagBag from /opt/airflow/dags/ETL.py
[2022-05-18 22:22:46,622] {processor.py:652} INFO - DAG(s) dict_keys(['ETL']) retrieved from /opt/airflow/dags/ETL.py
[2022-05-18 22:22:46,659] {logging_mixin.py:109} INFO - [2022-05-18 22:22:46,659] {dag.py:2398} INFO - Sync 1 DAGs
[2022-05-18 22:22:46,677] {logging_mixin.py:109} INFO - [2022-05-18 22:22:46,677] {dag.py:2937} INFO - Setting next_dagrun for ETL to 2022-05-18T00:00:00+00:00
[2022-05-18 22:22:46,689] {processor.py:171} INFO - Processing /opt/airflow/dags/ETL.py took 2.754 seconds
[2022-05-18 22:23:16,870] {processor.py:163} INFO - Started process (PID=267) to work on /opt/airflow/dags/ETL.py
[2022-05-18 22:23:16,872] {processor.py:642} INFO - Processing file /opt/airflow/dags/ETL.py for tasks to queue
[2022-05-18 22:23:16,873] {logging_mixin.py:109} INFO - [2022-05-18 22:23:16,873] {dagbag.py:500} INFO - Filling up the DagBag from /opt/airflow/dags/ETL.py
[2022-05-18 22:23:19,159] {processor.py:652} INFO - DAG(s) dict_keys(['ETL']) retrieved from /opt/airflow/dags/ETL.py
[2022-05-18 22:23:19,220] {logging_mixin.py:109} INFO - [2022-05-18 22:23:19,219] {dag.py:2398} INFO - Sync 1 DAGs
[2022-05-18 22:23:19,245] {logging_mixin.py:109} INFO - [2022-05-18 22:23:19,245] {dag.py:2937} INFO - Setting next_dagrun for ETL to 2022-05-18T00:00:00+00:00
[2022-05-18 22:23:19,271] {processor.py:171} INFO - Processing /opt/airflow/dags/ETL.py took 2.407 seconds
[2022-05-18 22:23:49,945] {processor.py:163} INFO - Started process (PID=307) to work on /opt/airflow/dags/ETL.py
[2022-05-18 22:23:49,947] {processor.py:642} INFO - Processing file /opt/airflow/dags/ETL.py for tasks to queue
[2022-05-18 22:23:49,948] {logging_mixin.py:109} INFO - [2022-05-18 22:23:49,948] {dagbag.py:500} INFO - Filling up the DagBag from /opt/airflow/dags/ETL.py
[2022-05-18 22:23:51,684] {processor.py:652} INFO - DAG(s) dict_keys(['ETL']) retrieved from /opt/airflow/dags/ETL.py
[2022-05-18 22:23:51,715] {logging_mixin.py:109} INFO - [2022-05-18 22:23:51,715] {dag.py:2398} INFO - Sync 1 DAGs
[2022-05-18 22:23:51,731] {logging_mixin.py:109} INFO - [2022-05-18 22:23:51,731] {dag.py:2937} INFO - Setting next_dagrun for ETL to 2022-05-18T00:00:00+00:00
[2022-05-18 22:23:51,743] {processor.py:171} INFO - Processing /opt/airflow/dags/ETL.py took 1.802 seconds
[2022-05-18 22:24:22,076] {processor.py:163} INFO - Started process (PID=332) to work on /opt/airflow/dags/ETL.py
[2022-05-18 22:24:22,078] {processor.py:642} INFO - Processing file /opt/airflow/dags/ETL.py for tasks to queue
[2022-05-18 22:24:22,080] {logging_mixin.py:109} INFO - [2022-05-18 22:24:22,080] {dagbag.py:500} INFO - Filling up the DagBag from /opt/airflow/dags/ETL.py
[2022-05-18 22:24:23,885] {processor.py:652} INFO - DAG(s) dict_keys(['ETL']) retrieved from /opt/airflow/dags/ETL.py
[2022-05-18 22:24:23,917] {logging_mixin.py:109} INFO - [2022-05-18 22:24:23,917] {dag.py:2398} INFO - Sync 1 DAGs
[2022-05-18 22:24:23,936] {logging_mixin.py:109} INFO - [2022-05-18 22:24:23,936] {dag.py:2937} INFO - Setting next_dagrun for ETL to 2022-05-18T00:00:00+00:00
[2022-05-18 22:24:23,947] {processor.py:171} INFO - Processing /opt/airflow/dags/ETL.py took 1.876 seconds
[2022-05-18 22:24:54,573] {processor.py:163} INFO - Started process (PID=371) to work on /opt/airflow/dags/ETL.py
[2022-05-18 22:24:54,574] {processor.py:642} INFO - Processing file /opt/airflow/dags/ETL.py for tasks to queue
[2022-05-18 22:24:54,579] {logging_mixin.py:109} INFO - [2022-05-18 22:24:54,579] {dagbag.py:500} INFO - Filling up the DagBag from /opt/airflow/dags/ETL.py
[2022-05-18 22:24:56,278] {processor.py:652} INFO - DAG(s) dict_keys(['ETL']) retrieved from /opt/airflow/dags/ETL.py
[2022-05-18 22:24:56,310] {logging_mixin.py:109} INFO - [2022-05-18 22:24:56,310] {dag.py:2398} INFO - Sync 1 DAGs
[2022-05-18 22:24:56,326] {logging_mixin.py:109} INFO - [2022-05-18 22:24:56,326] {dag.py:2937} INFO - Setting next_dagrun for ETL to 2022-05-18T00:00:00+00:00
[2022-05-18 22:24:56,337] {processor.py:171} INFO - Processing /opt/airflow/dags/ETL.py took 1.768 seconds
[2022-05-18 22:25:26,520] {processor.py:163} INFO - Started process (PID=405) to work on /opt/airflow/dags/ETL.py
[2022-05-18 22:25:26,522] {processor.py:642} INFO - Processing file /opt/airflow/dags/ETL.py for tasks to queue
[2022-05-18 22:25:26,524] {logging_mixin.py:109} INFO - [2022-05-18 22:25:26,523] {dagbag.py:500} INFO - Filling up the DagBag from /opt/airflow/dags/ETL.py
[2022-05-18 22:25:28,241] {processor.py:652} INFO - DAG(s) dict_keys(['ETL']) retrieved from /opt/airflow/dags/ETL.py
[2022-05-18 22:25:28,289] {logging_mixin.py:109} INFO - [2022-05-18 22:25:28,288] {dag.py:2398} INFO - Sync 1 DAGs
[2022-05-18 22:25:28,347] {logging_mixin.py:109} INFO - [2022-05-18 22:25:28,347] {dag.py:2937} INFO - Setting next_dagrun for ETL to 2022-05-18T00:00:00+00:00
[2022-05-18 22:25:28,361] {processor.py:171} INFO - Processing /opt/airflow/dags/ETL.py took 1.845 seconds
[2022-05-18 22:25:58,580] {processor.py:163} INFO - Started process (PID=428) to work on /opt/airflow/dags/ETL.py
[2022-05-18 22:25:58,581] {processor.py:642} INFO - Processing file /opt/airflow/dags/ETL.py for tasks to queue
[2022-05-18 22:25:58,582] {logging_mixin.py:109} INFO - [2022-05-18 22:25:58,582] {dagbag.py:500} INFO - Filling up the DagBag from /opt/airflow/dags/ETL.py
[2022-05-18 22:26:00,366] {processor.py:652} INFO - DAG(s) dict_keys(['ETL']) retrieved from /opt/airflow/dags/ETL.py
[2022-05-18 22:26:00,405] {logging_mixin.py:109} INFO - [2022-05-18 22:26:00,405] {dag.py:2398} INFO - Sync 1 DAGs
[2022-05-18 22:26:00,426] {logging_mixin.py:109} INFO - [2022-05-18 22:26:00,426] {dag.py:2937} INFO - Setting next_dagrun for ETL to 2022-05-18T00:00:00+00:00
[2022-05-18 22:26:00,440] {processor.py:171} INFO - Processing /opt/airflow/dags/ETL.py took 1.864 seconds
[2022-05-18 22:26:30,677] {processor.py:163} INFO - Started process (PID=465) to work on /opt/airflow/dags/ETL.py
[2022-05-18 22:26:30,679] {processor.py:642} INFO - Processing file /opt/airflow/dags/ETL.py for tasks to queue
[2022-05-18 22:26:30,680] {logging_mixin.py:109} INFO - [2022-05-18 22:26:30,680] {dagbag.py:500} INFO - Filling up the DagBag from /opt/airflow/dags/ETL.py
[2022-05-18 22:26:32,693] {processor.py:652} INFO - DAG(s) dict_keys(['ETL']) retrieved from /opt/airflow/dags/ETL.py
[2022-05-18 22:26:32,729] {logging_mixin.py:109} INFO - [2022-05-18 22:26:32,729] {dag.py:2398} INFO - Sync 1 DAGs
[2022-05-18 22:26:32,752] {logging_mixin.py:109} INFO - [2022-05-18 22:26:32,751] {dag.py:2937} INFO - Setting next_dagrun for ETL to 2022-05-18T00:00:00+00:00
[2022-05-18 22:26:32,764] {processor.py:171} INFO - Processing /opt/airflow/dags/ETL.py took 2.092 seconds
[2022-05-18 22:27:02,866] {processor.py:163} INFO - Started process (PID=495) to work on /opt/airflow/dags/ETL.py
[2022-05-18 22:27:02,872] {processor.py:642} INFO - Processing file /opt/airflow/dags/ETL.py for tasks to queue
[2022-05-18 22:27:02,875] {logging_mixin.py:109} INFO - [2022-05-18 22:27:02,875] {dagbag.py:500} INFO - Filling up the DagBag from /opt/airflow/dags/ETL.py
[2022-05-18 22:27:08,607] {processor.py:652} INFO - DAG(s) dict_keys(['ETL']) retrieved from /opt/airflow/dags/ETL.py
[2022-05-18 22:27:08,653] {logging_mixin.py:109} INFO - [2022-05-18 22:27:08,652] {dag.py:2398} INFO - Sync 1 DAGs
[2022-05-18 22:27:08,670] {logging_mixin.py:109} INFO - [2022-05-18 22:27:08,670] {dag.py:2937} INFO - Setting next_dagrun for ETL to 2022-05-18T00:00:00+00:00
[2022-05-18 22:27:18,393] {processor.py:171} INFO - Processing /opt/airflow/dags/ETL.py took 15.530 seconds
[2022-05-18 22:27:49,153] {processor.py:163} INFO - Started process (PID=536) to work on /opt/airflow/dags/ETL.py
[2022-05-18 22:27:49,155] {processor.py:642} INFO - Processing file /opt/airflow/dags/ETL.py for tasks to queue
[2022-05-18 22:27:49,156] {logging_mixin.py:109} INFO - [2022-05-18 22:27:49,156] {dagbag.py:500} INFO - Filling up the DagBag from /opt/airflow/dags/ETL.py
[2022-05-18 22:27:50,971] {processor.py:652} INFO - DAG(s) dict_keys(['ETL']) retrieved from /opt/airflow/dags/ETL.py
[2022-05-18 22:27:51,005] {logging_mixin.py:109} INFO - [2022-05-18 22:27:51,004] {dag.py:2398} INFO - Sync 1 DAGs
[2022-05-18 22:27:51,022] {logging_mixin.py:109} INFO - [2022-05-18 22:27:51,022] {dag.py:2937} INFO - Setting next_dagrun for ETL to 2022-05-18T00:00:00+00:00
[2022-05-18 22:27:51,035] {processor.py:171} INFO - Processing /opt/airflow/dags/ETL.py took 1.887 seconds
[2022-05-18 22:28:21,228] {processor.py:163} INFO - Started process (PID=561) to work on /opt/airflow/dags/ETL.py
[2022-05-18 22:28:21,230] {processor.py:642} INFO - Processing file /opt/airflow/dags/ETL.py for tasks to queue
[2022-05-18 22:28:21,231] {logging_mixin.py:109} INFO - [2022-05-18 22:28:21,231] {dagbag.py:500} INFO - Filling up the DagBag from /opt/airflow/dags/ETL.py
[2022-05-18 22:28:23,054] {processor.py:652} INFO - DAG(s) dict_keys(['ETL']) retrieved from /opt/airflow/dags/ETL.py
[2022-05-18 22:28:23,092] {logging_mixin.py:109} INFO - [2022-05-18 22:28:23,091] {dag.py:2398} INFO - Sync 1 DAGs
[2022-05-18 22:28:23,129] {logging_mixin.py:109} INFO - [2022-05-18 22:28:23,129] {dag.py:2937} INFO - Setting next_dagrun for ETL to 2022-05-18T00:00:00+00:00
[2022-05-18 22:28:23,142] {processor.py:171} INFO - Processing /opt/airflow/dags/ETL.py took 1.921 seconds
[2022-05-18 22:28:53,340] {processor.py:163} INFO - Started process (PID=598) to work on /opt/airflow/dags/ETL.py
[2022-05-18 22:28:53,342] {processor.py:642} INFO - Processing file /opt/airflow/dags/ETL.py for tasks to queue
[2022-05-18 22:28:53,343] {logging_mixin.py:109} INFO - [2022-05-18 22:28:53,342] {dagbag.py:500} INFO - Filling up the DagBag from /opt/airflow/dags/ETL.py
[2022-05-18 22:28:55,021] {processor.py:652} INFO - DAG(s) dict_keys(['ETL']) retrieved from /opt/airflow/dags/ETL.py
[2022-05-18 22:28:55,055] {logging_mixin.py:109} INFO - [2022-05-18 22:28:55,054] {dag.py:2398} INFO - Sync 1 DAGs
[2022-05-18 22:28:55,072] {logging_mixin.py:109} INFO - [2022-05-18 22:28:55,072] {dag.py:2937} INFO - Setting next_dagrun for ETL to 2022-05-18T00:00:00+00:00
[2022-05-18 22:28:55,084] {processor.py:171} INFO - Processing /opt/airflow/dags/ETL.py took 1.749 seconds
[2022-05-18 22:29:25,179] {processor.py:163} INFO - Started process (PID=633) to work on /opt/airflow/dags/ETL.py
[2022-05-18 22:29:25,181] {processor.py:642} INFO - Processing file /opt/airflow/dags/ETL.py for tasks to queue
[2022-05-18 22:29:25,182] {logging_mixin.py:109} INFO - [2022-05-18 22:29:25,182] {dagbag.py:500} INFO - Filling up the DagBag from /opt/airflow/dags/ETL.py
[2022-05-18 22:29:27,094] {processor.py:652} INFO - DAG(s) dict_keys(['ETL']) retrieved from /opt/airflow/dags/ETL.py
[2022-05-18 22:29:27,150] {logging_mixin.py:109} INFO - [2022-05-18 22:29:27,149] {dag.py:2398} INFO - Sync 1 DAGs
[2022-05-18 22:29:27,176] {logging_mixin.py:109} INFO - [2022-05-18 22:29:27,176] {dag.py:2937} INFO - Setting next_dagrun for ETL to 2022-05-18T00:00:00+00:00
[2022-05-18 22:29:27,202] {processor.py:171} INFO - Processing /opt/airflow/dags/ETL.py took 2.027 seconds
[2022-05-18 22:29:57,528] {processor.py:163} INFO - Started process (PID=658) to work on /opt/airflow/dags/ETL.py
[2022-05-18 22:29:57,530] {processor.py:642} INFO - Processing file /opt/airflow/dags/ETL.py for tasks to queue
[2022-05-18 22:29:57,531] {logging_mixin.py:109} INFO - [2022-05-18 22:29:57,531] {dagbag.py:500} INFO - Filling up the DagBag from /opt/airflow/dags/ETL.py
[2022-05-18 22:29:59,182] {processor.py:652} INFO - DAG(s) dict_keys(['ETL']) retrieved from /opt/airflow/dags/ETL.py
[2022-05-18 22:29:59,213] {logging_mixin.py:109} INFO - [2022-05-18 22:29:59,213] {dag.py:2398} INFO - Sync 1 DAGs
[2022-05-18 22:29:59,230] {logging_mixin.py:109} INFO - [2022-05-18 22:29:59,230] {dag.py:2937} INFO - Setting next_dagrun for ETL to 2022-05-18T00:00:00+00:00
[2022-05-18 22:29:59,243] {processor.py:171} INFO - Processing /opt/airflow/dags/ETL.py took 1.718 seconds
[2022-05-18 22:30:29,411] {processor.py:163} INFO - Started process (PID=693) to work on /opt/airflow/dags/ETL.py
[2022-05-18 22:30:29,413] {processor.py:642} INFO - Processing file /opt/airflow/dags/ETL.py for tasks to queue
[2022-05-18 22:30:29,415] {logging_mixin.py:109} INFO - [2022-05-18 22:30:29,415] {dagbag.py:500} INFO - Filling up the DagBag from /opt/airflow/dags/ETL.py
[2022-05-18 22:30:31,143] {processor.py:652} INFO - DAG(s) dict_keys(['ETL']) retrieved from /opt/airflow/dags/ETL.py
[2022-05-18 22:30:31,174] {logging_mixin.py:109} INFO - [2022-05-18 22:30:31,174] {dag.py:2398} INFO - Sync 1 DAGs
[2022-05-18 22:30:31,192] {logging_mixin.py:109} INFO - [2022-05-18 22:30:31,192] {dag.py:2937} INFO - Setting next_dagrun for ETL to 2022-05-18T00:00:00+00:00
[2022-05-18 22:30:31,204] {processor.py:171} INFO - Processing /opt/airflow/dags/ETL.py took 1.798 seconds
[2022-05-18 22:31:01,356] {processor.py:163} INFO - Started process (PID=719) to work on /opt/airflow/dags/ETL.py
[2022-05-18 22:31:01,358] {processor.py:642} INFO - Processing file /opt/airflow/dags/ETL.py for tasks to queue
[2022-05-18 22:31:01,359] {logging_mixin.py:109} INFO - [2022-05-18 22:31:01,359] {dagbag.py:500} INFO - Filling up the DagBag from /opt/airflow/dags/ETL.py
[2022-05-18 22:31:03,214] {processor.py:652} INFO - DAG(s) dict_keys(['ETL']) retrieved from /opt/airflow/dags/ETL.py
[2022-05-18 22:31:03,279] {logging_mixin.py:109} INFO - [2022-05-18 22:31:03,278] {dag.py:2398} INFO - Sync 1 DAGs
[2022-05-18 22:31:03,321] {logging_mixin.py:109} INFO - [2022-05-18 22:31:03,321] {dag.py:2937} INFO - Setting next_dagrun for ETL to 2022-05-18T00:00:00+00:00
[2022-05-18 22:31:03,384] {processor.py:171} INFO - Processing /opt/airflow/dags/ETL.py took 2.031 seconds
[2022-05-18 22:31:33,741] {processor.py:163} INFO - Started process (PID=759) to work on /opt/airflow/dags/ETL.py
[2022-05-18 22:31:33,743] {processor.py:642} INFO - Processing file /opt/airflow/dags/ETL.py for tasks to queue
[2022-05-18 22:31:33,744] {logging_mixin.py:109} INFO - [2022-05-18 22:31:33,744] {dagbag.py:500} INFO - Filling up the DagBag from /opt/airflow/dags/ETL.py
[2022-05-18 22:31:35,566] {processor.py:652} INFO - DAG(s) dict_keys(['ETL']) retrieved from /opt/airflow/dags/ETL.py
[2022-05-18 22:31:35,598] {logging_mixin.py:109} INFO - [2022-05-18 22:31:35,598] {dag.py:2398} INFO - Sync 1 DAGs
[2022-05-18 22:31:35,614] {logging_mixin.py:109} INFO - [2022-05-18 22:31:35,614] {dag.py:2937} INFO - Setting next_dagrun for ETL to 2022-05-18T00:00:00+00:00
[2022-05-18 22:31:35,626] {processor.py:171} INFO - Processing /opt/airflow/dags/ETL.py took 1.889 seconds
[2022-05-18 22:32:05,808] {processor.py:163} INFO - Started process (PID=785) to work on /opt/airflow/dags/ETL.py
[2022-05-18 22:32:05,810] {processor.py:642} INFO - Processing file /opt/airflow/dags/ETL.py for tasks to queue
[2022-05-18 22:32:05,811] {logging_mixin.py:109} INFO - [2022-05-18 22:32:05,811] {dagbag.py:500} INFO - Filling up the DagBag from /opt/airflow/dags/ETL.py
[2022-05-18 22:32:07,540] {processor.py:652} INFO - DAG(s) dict_keys(['ETL']) retrieved from /opt/airflow/dags/ETL.py
[2022-05-18 22:32:07,572] {logging_mixin.py:109} INFO - [2022-05-18 22:32:07,571] {dag.py:2398} INFO - Sync 1 DAGs
[2022-05-18 22:32:07,587] {logging_mixin.py:109} INFO - [2022-05-18 22:32:07,587] {dag.py:2937} INFO - Setting next_dagrun for ETL to 2022-05-18T00:00:00+00:00
[2022-05-18 22:32:07,599] {processor.py:171} INFO - Processing /opt/airflow/dags/ETL.py took 1.795 seconds
[2022-05-18 22:32:37,827] {processor.py:163} INFO - Started process (PID=822) to work on /opt/airflow/dags/ETL.py
[2022-05-18 22:32:37,829] {processor.py:642} INFO - Processing file /opt/airflow/dags/ETL.py for tasks to queue
[2022-05-18 22:32:37,830] {logging_mixin.py:109} INFO - [2022-05-18 22:32:37,830] {dagbag.py:500} INFO - Filling up the DagBag from /opt/airflow/dags/ETL.py
[2022-05-18 22:32:39,521] {processor.py:652} INFO - DAG(s) dict_keys(['ETL']) retrieved from /opt/airflow/dags/ETL.py
[2022-05-18 22:32:39,552] {logging_mixin.py:109} INFO - [2022-05-18 22:32:39,552] {dag.py:2398} INFO - Sync 1 DAGs
[2022-05-18 22:32:39,568] {logging_mixin.py:109} INFO - [2022-05-18 22:32:39,568] {dag.py:2937} INFO - Setting next_dagrun for ETL to 2022-05-18T00:00:00+00:00
[2022-05-18 22:32:39,581] {processor.py:171} INFO - Processing /opt/airflow/dags/ETL.py took 1.759 seconds
[2022-05-18 22:33:09,753] {processor.py:163} INFO - Started process (PID=847) to work on /opt/airflow/dags/ETL.py
[2022-05-18 22:33:09,754] {processor.py:642} INFO - Processing file /opt/airflow/dags/ETL.py for tasks to queue
[2022-05-18 22:33:09,755] {logging_mixin.py:109} INFO - [2022-05-18 22:33:09,755] {dagbag.py:500} INFO - Filling up the DagBag from /opt/airflow/dags/ETL.py
[2022-05-18 22:33:11,348] {processor.py:652} INFO - DAG(s) dict_keys(['ETL']) retrieved from /opt/airflow/dags/ETL.py
[2022-05-18 22:33:11,409] {logging_mixin.py:109} INFO - [2022-05-18 22:33:11,409] {dag.py:2398} INFO - Sync 1 DAGs
[2022-05-18 22:33:11,426] {logging_mixin.py:109} INFO - [2022-05-18 22:33:11,426] {dag.py:2937} INFO - Setting next_dagrun for ETL to 2022-05-18T00:00:00+00:00
[2022-05-18 22:33:11,440] {processor.py:171} INFO - Processing /opt/airflow/dags/ETL.py took 1.691 seconds
[2022-05-18 22:33:41,533] {processor.py:163} INFO - Started process (PID=887) to work on /opt/airflow/dags/ETL.py
[2022-05-18 22:33:41,537] {processor.py:642} INFO - Processing file /opt/airflow/dags/ETL.py for tasks to queue
[2022-05-18 22:33:41,538] {logging_mixin.py:109} INFO - [2022-05-18 22:33:41,538] {dagbag.py:500} INFO - Filling up the DagBag from /opt/airflow/dags/ETL.py
[2022-05-18 22:33:43,297] {processor.py:652} INFO - DAG(s) dict_keys(['ETL']) retrieved from /opt/airflow/dags/ETL.py
[2022-05-18 22:33:43,328] {logging_mixin.py:109} INFO - [2022-05-18 22:33:43,328] {dag.py:2398} INFO - Sync 1 DAGs
[2022-05-18 22:33:43,345] {logging_mixin.py:109} INFO - [2022-05-18 22:33:43,345] {dag.py:2937} INFO - Setting next_dagrun for ETL to 2022-05-18T00:00:00+00:00
[2022-05-18 22:33:43,356] {processor.py:171} INFO - Processing /opt/airflow/dags/ETL.py took 1.832 seconds
[2022-05-18 22:34:13,769] {processor.py:163} INFO - Started process (PID=925) to work on /opt/airflow/dags/ETL.py
[2022-05-18 22:34:13,771] {processor.py:642} INFO - Processing file /opt/airflow/dags/ETL.py for tasks to queue
[2022-05-18 22:34:13,772] {logging_mixin.py:109} INFO - [2022-05-18 22:34:13,772] {dagbag.py:500} INFO - Filling up the DagBag from /opt/airflow/dags/ETL.py
[2022-05-18 22:34:15,482] {processor.py:652} INFO - DAG(s) dict_keys(['ETL']) retrieved from /opt/airflow/dags/ETL.py
[2022-05-18 22:34:15,523] {logging_mixin.py:109} INFO - [2022-05-18 22:34:15,522] {dag.py:2398} INFO - Sync 1 DAGs
[2022-05-18 22:34:15,540] {logging_mixin.py:109} INFO - [2022-05-18 22:34:15,539] {dag.py:2937} INFO - Setting next_dagrun for ETL to 2022-05-18T00:00:00+00:00
[2022-05-18 22:34:15,552] {processor.py:171} INFO - Processing /opt/airflow/dags/ETL.py took 1.786 seconds
[2022-05-18 22:34:45,908] {processor.py:163} INFO - Started process (PID=950) to work on /opt/airflow/dags/ETL.py
[2022-05-18 22:34:45,909] {processor.py:642} INFO - Processing file /opt/airflow/dags/ETL.py for tasks to queue
[2022-05-18 22:34:45,910] {logging_mixin.py:109} INFO - [2022-05-18 22:34:45,910] {dagbag.py:500} INFO - Filling up the DagBag from /opt/airflow/dags/ETL.py
[2022-05-18 22:34:47,647] {processor.py:652} INFO - DAG(s) dict_keys(['ETL']) retrieved from /opt/airflow/dags/ETL.py
[2022-05-18 22:34:47,678] {logging_mixin.py:109} INFO - [2022-05-18 22:34:47,678] {dag.py:2398} INFO - Sync 1 DAGs
[2022-05-18 22:34:47,700] {logging_mixin.py:109} INFO - [2022-05-18 22:34:47,700] {dag.py:2937} INFO - Setting next_dagrun for ETL to 2022-05-18T00:00:00+00:00
[2022-05-18 22:34:47,722] {processor.py:171} INFO - Processing /opt/airflow/dags/ETL.py took 1.819 seconds
[2022-05-18 22:35:17,997] {processor.py:163} INFO - Started process (PID=985) to work on /opt/airflow/dags/ETL.py
[2022-05-18 22:35:17,999] {processor.py:642} INFO - Processing file /opt/airflow/dags/ETL.py for tasks to queue
[2022-05-18 22:35:18,000] {logging_mixin.py:109} INFO - [2022-05-18 22:35:18,000] {dagbag.py:500} INFO - Filling up the DagBag from /opt/airflow/dags/ETL.py
[2022-05-18 22:35:19,704] {processor.py:652} INFO - DAG(s) dict_keys(['ETL']) retrieved from /opt/airflow/dags/ETL.py
[2022-05-18 22:35:19,734] {logging_mixin.py:109} INFO - [2022-05-18 22:35:19,734] {dag.py:2398} INFO - Sync 1 DAGs
[2022-05-18 22:35:19,750] {logging_mixin.py:109} INFO - [2022-05-18 22:35:19,750] {dag.py:2937} INFO - Setting next_dagrun for ETL to 2022-05-18T00:00:00+00:00
[2022-05-18 22:35:19,762] {processor.py:171} INFO - Processing /opt/airflow/dags/ETL.py took 1.770 seconds
[2022-05-18 22:35:50,036] {processor.py:163} INFO - Started process (PID=1010) to work on /opt/airflow/dags/ETL.py
[2022-05-18 22:35:50,040] {processor.py:642} INFO - Processing file /opt/airflow/dags/ETL.py for tasks to queue
[2022-05-18 22:35:50,041] {logging_mixin.py:109} INFO - [2022-05-18 22:35:50,041] {dagbag.py:500} INFO - Filling up the DagBag from /opt/airflow/dags/ETL.py
[2022-05-18 22:35:51,832] {processor.py:652} INFO - DAG(s) dict_keys(['ETL']) retrieved from /opt/airflow/dags/ETL.py
[2022-05-18 22:35:51,864] {logging_mixin.py:109} INFO - [2022-05-18 22:35:51,864] {dag.py:2398} INFO - Sync 1 DAGs
[2022-05-18 22:35:51,884] {logging_mixin.py:109} INFO - [2022-05-18 22:35:51,884] {dag.py:2937} INFO - Setting next_dagrun for ETL to 2022-05-18T00:00:00+00:00
[2022-05-18 22:35:51,896] {processor.py:171} INFO - Processing /opt/airflow/dags/ETL.py took 1.866 seconds
[2022-05-18 22:36:22,220] {processor.py:163} INFO - Started process (PID=1044) to work on /opt/airflow/dags/ETL.py
[2022-05-18 22:36:22,242] {processor.py:642} INFO - Processing file /opt/airflow/dags/ETL.py for tasks to queue
[2022-05-18 22:36:22,244] {logging_mixin.py:109} INFO - [2022-05-18 22:36:22,244] {dagbag.py:500} INFO - Filling up the DagBag from /opt/airflow/dags/ETL.py
[2022-05-18 22:36:24,127] {processor.py:652} INFO - DAG(s) dict_keys(['ETL']) retrieved from /opt/airflow/dags/ETL.py
[2022-05-18 22:36:24,159] {logging_mixin.py:109} INFO - [2022-05-18 22:36:24,159] {dag.py:2398} INFO - Sync 1 DAGs
[2022-05-18 22:36:24,177] {logging_mixin.py:109} INFO - [2022-05-18 22:36:24,176] {dag.py:2937} INFO - Setting next_dagrun for ETL to 2022-05-18T00:00:00+00:00
[2022-05-18 22:36:24,188] {processor.py:171} INFO - Processing /opt/airflow/dags/ETL.py took 2.010 seconds
[2022-05-18 22:36:54,352] {processor.py:163} INFO - Started process (PID=1072) to work on /opt/airflow/dags/ETL.py
[2022-05-18 22:36:54,354] {processor.py:642} INFO - Processing file /opt/airflow/dags/ETL.py for tasks to queue
[2022-05-18 22:36:54,355] {logging_mixin.py:109} INFO - [2022-05-18 22:36:54,355] {dagbag.py:500} INFO - Filling up the DagBag from /opt/airflow/dags/ETL.py
[2022-05-18 22:36:56,445] {processor.py:652} INFO - DAG(s) dict_keys(['ETL']) retrieved from /opt/airflow/dags/ETL.py
[2022-05-18 22:36:56,478] {logging_mixin.py:109} INFO - [2022-05-18 22:36:56,478] {dag.py:2398} INFO - Sync 1 DAGs
[2022-05-18 22:36:56,496] {logging_mixin.py:109} INFO - [2022-05-18 22:36:56,495] {dag.py:2937} INFO - Setting next_dagrun for ETL to 2022-05-18T00:00:00+00:00
[2022-05-18 22:36:56,508] {processor.py:171} INFO - Processing /opt/airflow/dags/ETL.py took 2.160 seconds
[2022-05-18 22:37:26,648] {processor.py:163} INFO - Started process (PID=1108) to work on /opt/airflow/dags/ETL.py
[2022-05-18 22:37:26,650] {processor.py:642} INFO - Processing file /opt/airflow/dags/ETL.py for tasks to queue
[2022-05-18 22:37:26,651] {logging_mixin.py:109} INFO - [2022-05-18 22:37:26,651] {dagbag.py:500} INFO - Filling up the DagBag from /opt/airflow/dags/ETL.py
[2022-05-18 22:37:28,315] {processor.py:652} INFO - DAG(s) dict_keys(['ETL']) retrieved from /opt/airflow/dags/ETL.py
[2022-05-18 22:37:28,346] {logging_mixin.py:109} INFO - [2022-05-18 22:37:28,346] {dag.py:2398} INFO - Sync 1 DAGs
[2022-05-18 22:37:28,364] {logging_mixin.py:109} INFO - [2022-05-18 22:37:28,364] {dag.py:2937} INFO - Setting next_dagrun for ETL to 2022-05-18T00:00:00+00:00
[2022-05-18 22:37:28,377] {processor.py:171} INFO - Processing /opt/airflow/dags/ETL.py took 1.733 seconds
[2022-05-18 22:37:58,553] {processor.py:163} INFO - Started process (PID=1132) to work on /opt/airflow/dags/ETL.py
[2022-05-18 22:37:58,555] {processor.py:642} INFO - Processing file /opt/airflow/dags/ETL.py for tasks to queue
[2022-05-18 22:37:58,556] {logging_mixin.py:109} INFO - [2022-05-18 22:37:58,556] {dagbag.py:500} INFO - Filling up the DagBag from /opt/airflow/dags/ETL.py
[2022-05-18 22:38:00,592] {processor.py:652} INFO - DAG(s) dict_keys(['ETL']) retrieved from /opt/airflow/dags/ETL.py
[2022-05-18 22:38:00,649] {logging_mixin.py:109} INFO - [2022-05-18 22:38:00,649] {dag.py:2398} INFO - Sync 1 DAGs
[2022-05-18 22:38:00,668] {logging_mixin.py:109} INFO - [2022-05-18 22:38:00,668] {dag.py:2937} INFO - Setting next_dagrun for ETL to 2022-05-18T00:00:00+00:00
[2022-05-18 22:38:00,682] {processor.py:171} INFO - Processing /opt/airflow/dags/ETL.py took 2.132 seconds
[2022-05-18 22:38:30,861] {processor.py:163} INFO - Started process (PID=1169) to work on /opt/airflow/dags/ETL.py
[2022-05-18 22:38:30,862] {processor.py:642} INFO - Processing file /opt/airflow/dags/ETL.py for tasks to queue
[2022-05-18 22:38:30,863] {logging_mixin.py:109} INFO - [2022-05-18 22:38:30,863] {dagbag.py:500} INFO - Filling up the DagBag from /opt/airflow/dags/ETL.py
[2022-05-18 22:38:32,587] {processor.py:652} INFO - DAG(s) dict_keys(['ETL']) retrieved from /opt/airflow/dags/ETL.py
[2022-05-18 22:38:32,634] {logging_mixin.py:109} INFO - [2022-05-18 22:38:32,634] {dag.py:2398} INFO - Sync 1 DAGs
[2022-05-18 22:38:32,677] {logging_mixin.py:109} INFO - [2022-05-18 22:38:32,674] {dag.py:2937} INFO - Setting next_dagrun for ETL to 2022-05-18T00:00:00+00:00
[2022-05-18 22:38:32,691] {processor.py:171} INFO - Processing /opt/airflow/dags/ETL.py took 1.834 seconds
[2022-05-18 22:39:02,906] {processor.py:163} INFO - Started process (PID=1196) to work on /opt/airflow/dags/ETL.py
[2022-05-18 22:39:02,908] {processor.py:642} INFO - Processing file /opt/airflow/dags/ETL.py for tasks to queue
[2022-05-18 22:39:02,910] {logging_mixin.py:109} INFO - [2022-05-18 22:39:02,910] {dagbag.py:500} INFO - Filling up the DagBag from /opt/airflow/dags/ETL.py
[2022-05-18 22:39:05,767] {processor.py:652} INFO - DAG(s) dict_keys(['ETL']) retrieved from /opt/airflow/dags/ETL.py
[2022-05-18 22:39:05,828] {logging_mixin.py:109} INFO - [2022-05-18 22:39:05,828] {dag.py:2398} INFO - Sync 1 DAGs
[2022-05-18 22:39:05,848] {logging_mixin.py:109} INFO - [2022-05-18 22:39:05,848] {dag.py:2937} INFO - Setting next_dagrun for ETL to 2022-05-18T00:00:00+00:00
[2022-05-18 22:39:05,920] {processor.py:171} INFO - Processing /opt/airflow/dags/ETL.py took 3.019 seconds
